<?xml version="1.0" encoding="UTF-8"?>
<testng-results skipped="0" failed="0" total="1" passed="1">
  <reporter-output>
  </reporter-output>
  <suite name="Default suite" duration-ms="27669" started-at="2019-06-26T09:38:15Z" finished-at="2019-06-26T09:38:42Z">
    <groups>
    </groups>
    <test name="Default test" duration-ms="27669" started-at="2019-06-26T09:38:15Z" finished-at="2019-06-26T09:38:42Z">
      <class name="LEARNING.Achievement.Register_Frames">
        <test-method status="PASS" signature="testFrames()[pri:0, instance:LEARNING.Achievement.Register_Frames@3ffc5af1]" name="testFrames" duration-ms="27627" started-at="2019-06-26T15:08:15Z" finished-at="2019-06-26T15:08:42Z">
          <reporter-output>
          </reporter-output>
        </test-method> <!-- testFrames -->
      </class> <!-- LEARNING.Achievement.Register_Frames -->
    </test> <!-- Default test -->
  </suite> <!-- Default suite -->
</testng-results>
